{"/Users/lzzzt/Code/JavaScript/MiniMVVM/src/MVVM/index.ts": {"path":"/Users/lzzzt/Code/JavaScript/MiniMVVM/src/MVVM/index.ts","statementMap":{"0":{"start":{"line":2,"column":0},"end":{"line":2,"column":36}},"1":{"start":{"line":3,"column":0},"end":{"line":3,"column":30}},"2":{"start":{"line":21,"column":8},"end":{"line":21,"column":null}},"3":{"start":{"line":23,"column":8},"end":{"line":23,"column":null}},"4":{"start":{"line":25,"column":8},"end":{"line":25,"column":null}},"5":{"start":{"line":27,"column":8},"end":{"line":27,"column":null}},"6":{"start":{"line":29,"column":8},"end":{"line":29,"column":null}},"7":{"start":{"line":31,"column":8},"end":{"line":31,"column":null}},"8":{"start":{"line":33,"column":8},"end":{"line":33,"column":null}},"9":{"start":{"line":41,"column":8},"end":{"line":53,"column":null}},"10":{"start":{"line":43,"column":12},"end":{"line":52,"column":null}},"11":{"start":{"line":47,"column":20},"end":{"line":47,"column":null}},"12":{"start":{"line":50,"column":20},"end":{"line":50,"column":null}},"13":{"start":{"line":60,"column":8},"end":{"line":71,"column":null}},"14":{"start":{"line":62,"column":12},"end":{"line":62,"column":null}},"15":{"start":{"line":64,"column":12},"end":{"line":70,"column":null}},"16":{"start":{"line":68,"column":20},"end":{"line":68,"column":null}},"17":{"start":{"line":75,"column":8},"end":{"line":83,"column":null}},"18":{"start":{"line":76,"column":12},"end":{"line":76,"column":null}},"19":{"start":{"line":77,"column":12},"end":{"line":77,"column":null}},"20":{"start":{"line":78,"column":12},"end":{"line":82,"column":null}},"21":{"start":{"line":79,"column":16},"end":{"line":81,"column":null}},"22":{"start":{"line":80,"column":20},"end":{"line":80,"column":null}},"23":{"start":{"line":87,"column":8},"end":{"line":98,"column":null}},"24":{"start":{"line":88,"column":12},"end":{"line":92,"column":null}},"25":{"start":{"line":89,"column":16},"end":{"line":89,"column":null}},"26":{"start":{"line":91,"column":16},"end":{"line":91,"column":null}},"27":{"start":{"line":93,"column":12},"end":{"line":97,"column":null}},"28":{"start":{"line":94,"column":16},"end":{"line":96,"column":null}},"29":{"start":{"line":95,"column":20},"end":{"line":95,"column":null}},"30":{"start":{"line":8,"column":0},"end":{"line":8,"column":21}}},"fnMap":{"0":{"name":"(anonymous_1)","decl":{"start":{"line":19,"column":4},"end":{"line":19,"column":16}},"loc":{"start":{"line":19,"column":32},"end":{"line":34,"column":5}}},"1":{"name":"(anonymous_2)","decl":{"start":{"line":39,"column":4},"end":{"line":39,"column":13}},"loc":{"start":{"line":39,"column":13},"end":{"line":54,"column":5}}},"2":{"name":"(anonymous_3)","decl":{"start":{"line":41,"column":40},"end":{"line":41,"column":41}},"loc":{"start":{"line":41,"column":44},"end":{"line":53,"column":9}}},"3":{"name":"(anonymous_4)","decl":{"start":{"line":46,"column":16},"end":{"line":46,"column":19}},"loc":{"start":{"line":46,"column":26},"end":{"line":48,"column":17}}},"4":{"name":"(anonymous_5)","decl":{"start":{"line":49,"column":16},"end":{"line":49,"column":19}},"loc":{"start":{"line":49,"column":19},"end":{"line":51,"column":17}}},"5":{"name":"(anonymous_6)","decl":{"start":{"line":59,"column":4},"end":{"line":59,"column":16}},"loc":{"start":{"line":59,"column":16},"end":{"line":72,"column":5}}},"6":{"name":"(anonymous_7)","decl":{"start":{"line":60,"column":43},"end":{"line":60,"column":44}},"loc":{"start":{"line":60,"column":47},"end":{"line":71,"column":9}}},"7":{"name":"(anonymous_8)","decl":{"start":{"line":67,"column":16},"end":{"line":67,"column":19}},"loc":{"start":{"line":67,"column":19},"end":{"line":69,"column":17}}},"8":{"name":"(anonymous_9)","decl":{"start":{"line":74,"column":4},"end":{"line":74,"column":8}},"loc":{"start":{"line":74,"column":52},"end":{"line":84,"column":5}}},"9":{"name":"(anonymous_10)","decl":{"start":{"line":78,"column":49},"end":{"line":78,"column":52}},"loc":{"start":{"line":78,"column":55},"end":{"line":82,"column":13}}},"10":{"name":"(anonymous_11)","decl":{"start":{"line":86,"column":4},"end":{"line":86,"column":8}},"loc":{"start":{"line":86,"column":40},"end":{"line":99,"column":5}}},"11":{"name":"(anonymous_12)","decl":{"start":{"line":93,"column":49},"end":{"line":93,"column":52}},"loc":{"start":{"line":93,"column":55},"end":{"line":97,"column":13}}}},"branchMap":{"0":{"loc":{"start":{"line":25,"column":24},"end":{"line":25,"column":62}},"type":"cond-expr","locations":[{"start":{"line":25,"column":42},"end":{"line":25,"column":57}},{"start":{"line":25,"column":60},"end":{"line":25,"column":62}}]},"1":{"loc":{"start":{"line":75,"column":8},"end":{"line":83,"column":null}},"type":"if","locations":[{"start":{"line":75,"column":8},"end":{"line":83,"column":null}}]},"2":{"loc":{"start":{"line":79,"column":16},"end":{"line":81,"column":null}},"type":"if","locations":[{"start":{"line":79,"column":16},"end":{"line":81,"column":null}}]},"3":{"loc":{"start":{"line":87,"column":8},"end":{"line":98,"column":null}},"type":"if","locations":[{"start":{"line":87,"column":8},"end":{"line":98,"column":null}}]},"4":{"loc":{"start":{"line":88,"column":12},"end":{"line":92,"column":null}},"type":"if","locations":[{"start":{"line":88,"column":12},"end":{"line":92,"column":null}},{"start":{"line":90,"column":19},"end":{"line":92,"column":null}}]},"5":{"loc":{"start":{"line":94,"column":16},"end":{"line":96,"column":null}},"type":"if","locations":[{"start":{"line":94,"column":16},"end":{"line":96,"column":null}}]}},"s":{"0":1,"1":1,"2":8,"3":8,"4":8,"5":8,"6":8,"7":8,"8":8,"9":8,"10":24,"11":2,"12":61,"13":8,"14":4,"15":4,"16":4,"17":2,"18":2,"19":2,"20":2,"21":6,"22":2,"23":2,"24":2,"25":1,"26":1,"27":2,"28":6,"29":2,"30":1},"f":{"0":8,"1":8,"2":24,"3":2,"4":61,"5":8,"6":4,"7":4,"8":2,"9":6,"10":2,"11":6},"b":{"0":[5,3],"1":[2],"2":[2],"3":[2],"4":[1,1],"5":[2]}}
,"/Users/lzzzt/Code/JavaScript/MiniMVVM/src/MVVM/Parser/index.ts": {"path":"/Users/lzzzt/Code/JavaScript/MiniMVVM/src/MVVM/Parser/index.ts","statementMap":{"0":{"start":{"line":2,"column":0},"end":{"line":2,"column":39}},"1":{"start":{"line":18,"column":8},"end":{"line":18,"column":null}},"2":{"start":{"line":20,"column":8},"end":{"line":20,"column":null}},"3":{"start":{"line":22,"column":8},"end":{"line":22,"column":null}},"4":{"start":{"line":24,"column":8},"end":{"line":24,"column":null}},"5":{"start":{"line":26,"column":8},"end":{"line":26,"column":null}},"6":{"start":{"line":35,"column":19},"end":{"line":35,"column":52}},"7":{"start":{"line":37,"column":8},"end":{"line":48,"column":null}},"8":{"start":{"line":39,"column":12},"end":{"line":47,"column":null}},"9":{"start":{"line":40,"column":16},"end":{"line":42,"column":null}},"10":{"start":{"line":41,"column":20},"end":{"line":41,"column":26}},"11":{"start":{"line":43,"column":16},"end":{"line":45,"column":null}},"12":{"start":{"line":44,"column":20},"end":{"line":44,"column":26}},"13":{"start":{"line":46,"column":16},"end":{"line":46,"column":null}},"14":{"start":{"line":50,"column":8},"end":{"line":50,"column":null}},"15":{"start":{"line":59,"column":8},"end":{"line":68,"column":null}},"16":{"start":{"line":60,"column":12},"end":{"line":67,"column":null}},"17":{"start":{"line":62,"column":20},"end":{"line":62,"column":null}},"18":{"start":{"line":63,"column":20},"end":{"line":63,"column":25}},"19":{"start":{"line":65,"column":20},"end":{"line":65,"column":null}},"20":{"start":{"line":66,"column":20},"end":{"line":66,"column":25}},"21":{"start":{"line":78,"column":22},"end":{"line":78,"column":37}},"22":{"start":{"line":79,"column":8},"end":{"line":150,"column":null}},"23":{"start":{"line":79,"column":21},"end":{"line":79,"column":22}},"24":{"start":{"line":81,"column":34},"end":{"line":81,"column":42}},"25":{"start":{"line":83,"column":12},"end":{"line":105,"column":null}},"26":{"start":{"line":85,"column":34},"end":{"line":85,"column":47}},"27":{"start":{"line":88,"column":16},"end":{"line":95,"column":null}},"28":{"start":{"line":90,"column":20},"end":{"line":92,"column":null}},"29":{"start":{"line":91,"column":24},"end":{"line":91,"column":null}},"30":{"start":{"line":94,"column":20},"end":{"line":94,"column":null}},"31":{"start":{"line":98,"column":16},"end":{"line":100,"column":null}},"32":{"start":{"line":99,"column":20},"end":{"line":99,"column":null}},"33":{"start":{"line":102,"column":16},"end":{"line":104,"column":null}},"34":{"start":{"line":103,"column":20},"end":{"line":103,"column":null}},"35":{"start":{"line":107,"column":12},"end":{"line":110,"column":null}},"36":{"start":{"line":108,"column":34},"end":{"line":108,"column":60}},"37":{"start":{"line":109,"column":16},"end":{"line":109,"column":null}},"38":{"start":{"line":112,"column":12},"end":{"line":115,"column":null}},"39":{"start":{"line":113,"column":34},"end":{"line":113,"column":61}},"40":{"start":{"line":114,"column":16},"end":{"line":114,"column":null}},"41":{"start":{"line":117,"column":12},"end":{"line":149,"column":null}},"42":{"start":{"line":119,"column":34},"end":{"line":119,"column":55}},"43":{"start":{"line":122,"column":32},"end":{"line":122,"column":42}},"44":{"start":{"line":125,"column":27},"end":{"line":125,"column":56}},"45":{"start":{"line":128,"column":27},"end":{"line":128,"column":92}},"46":{"start":{"line":130,"column":16},"end":{"line":146,"column":null}},"47":{"start":{"line":132,"column":20},"end":{"line":132,"column":null}},"48":{"start":{"line":132,"column":42},"end":{"line":132,"column":50}},"49":{"start":{"line":135,"column":20},"end":{"line":141,"column":null}},"50":{"start":{"line":137,"column":24},"end":{"line":140,"column":null}},"51":{"start":{"line":139,"column":28},"end":{"line":139,"column":null}},"52":{"start":{"line":143,"column":20},"end":{"line":145,"column":null}},"53":{"start":{"line":144,"column":24},"end":{"line":144,"column":null}},"54":{"start":{"line":148,"column":16},"end":{"line":148,"column":null}},"55":{"start":{"line":152,"column":8},"end":{"line":152,"column":null}},"56":{"start":{"line":161,"column":19},"end":{"line":161,"column":43}},"57":{"start":{"line":162,"column":8},"end":{"line":169,"column":null}},"58":{"start":{"line":164,"column":25},"end":{"line":164,"column":48}},"59":{"start":{"line":166,"column":12},"end":{"line":168,"column":null}},"60":{"start":{"line":167,"column":16},"end":{"line":167,"column":null}},"61":{"start":{"line":178,"column":24},"end":{"line":178,"column":38}},"62":{"start":{"line":180,"column":21},"end":{"line":180,"column":40}},"63":{"start":{"line":181,"column":24},"end":{"line":181,"column":43}},"64":{"start":{"line":183,"column":8},"end":{"line":196,"column":null}},"65":{"start":{"line":186,"column":16},"end":{"line":186,"column":null}},"66":{"start":{"line":190,"column":16},"end":{"line":195,"column":null}},"67":{"start":{"line":191,"column":20},"end":{"line":191,"column":null}},"68":{"start":{"line":194,"column":20},"end":{"line":194,"column":null}},"69":{"start":{"line":198,"column":8},"end":{"line":198,"column":null}},"70":{"start":{"line":210,"column":24},"end":{"line":210,"column":48}},"71":{"start":{"line":212,"column":21},"end":{"line":212,"column":47}},"72":{"start":{"line":214,"column":8},"end":{"line":236,"column":null}},"73":{"start":{"line":217,"column":12},"end":{"line":220,"column":null}},"74":{"start":{"line":219,"column":16},"end":{"line":219,"column":null}},"75":{"start":{"line":222,"column":12},"end":{"line":225,"column":null}},"76":{"start":{"line":224,"column":16},"end":{"line":224,"column":null}},"77":{"start":{"line":229,"column":12},"end":{"line":231,"column":null}},"78":{"start":{"line":230,"column":16},"end":{"line":230,"column":null}},"79":{"start":{"line":233,"column":12},"end":{"line":235,"column":null}},"80":{"start":{"line":234,"column":16},"end":{"line":234,"column":null}},"81":{"start":{"line":238,"column":8},"end":{"line":238,"column":null}},"82":{"start":{"line":250,"column":21},"end":{"line":250,"column":47}},"83":{"start":{"line":252,"column":8},"end":{"line":266,"column":null}},"84":{"start":{"line":255,"column":12},"end":{"line":258,"column":null}},"85":{"start":{"line":257,"column":16},"end":{"line":257,"column":null}},"86":{"start":{"line":262,"column":12},"end":{"line":265,"column":null}},"87":{"start":{"line":264,"column":16},"end":{"line":264,"column":null}},"88":{"start":{"line":268,"column":8},"end":{"line":268,"column":null}},"89":{"start":{"line":7,"column":0},"end":{"line":7,"column":21}}},"fnMap":{"0":{"name":"(anonymous_1)","decl":{"start":{"line":16,"column":4},"end":{"line":16,"column":16}},"loc":{"start":{"line":16,"column":29},"end":{"line":27,"column":5}}},"1":{"name":"(anonymous_2)","decl":{"start":{"line":33,"column":4},"end":{"line":33,"column":13}},"loc":{"start":{"line":33,"column":27},"end":{"line":51,"column":5}}},"2":{"name":"(anonymous_3)","decl":{"start":{"line":39,"column":36},"end":{"line":39,"column":41}},"loc":{"start":{"line":39,"column":44},"end":{"line":47,"column":13}}},"3":{"name":"(anonymous_4)","decl":{"start":{"line":57,"column":4},"end":{"line":57,"column":9}},"loc":{"start":{"line":57,"column":42},"end":{"line":69,"column":5}}},"4":{"name":"(anonymous_5)","decl":{"start":{"line":59,"column":32},"end":{"line":59,"column":37}},"loc":{"start":{"line":59,"column":40},"end":{"line":68,"column":9}}},"5":{"name":"(anonymous_6)","decl":{"start":{"line":76,"column":4},"end":{"line":76,"column":20}},"loc":{"start":{"line":76,"column":34},"end":{"line":153,"column":5}}},"6":{"name":"(anonymous_7)","decl":{"start":{"line":90,"column":57},"end":{"line":90,"column":65}},"loc":{"start":{"line":90,"column":68},"end":{"line":92,"column":21}}},"7":{"name":"(anonymous_8)","decl":{"start":{"line":132,"column":37},"end":{"line":132,"column":38}},"loc":{"start":{"line":132,"column":42},"end":{"line":132,"column":50}}},"8":{"name":"(anonymous_9)","decl":{"start":{"line":135,"column":53},"end":{"line":135,"column":56}},"loc":{"start":{"line":135,"column":58},"end":{"line":141,"column":21}}},"9":{"name":"(anonymous_10)","decl":{"start":{"line":137,"column":64},"end":{"line":137,"column":65}},"loc":{"start":{"line":137,"column":68},"end":{"line":140,"column":25}}},"10":{"name":"(anonymous_11)","decl":{"start":{"line":143,"column":53},"end":{"line":143,"column":56}},"loc":{"start":{"line":143,"column":58},"end":{"line":145,"column":21}}},"11":{"name":"(anonymous_12)","decl":{"start":{"line":159,"column":4},"end":{"line":159,"column":17}},"loc":{"start":{"line":159,"column":31},"end":{"line":170,"column":5}}},"12":{"name":"(anonymous_13)","decl":{"start":{"line":166,"column":48},"end":{"line":166,"column":49}},"loc":{"start":{"line":166,"column":69},"end":{"line":168,"column":13}}},"13":{"name":"(anonymous_14)","decl":{"start":{"line":176,"column":4},"end":{"line":176,"column":16}},"loc":{"start":{"line":176,"column":29},"end":{"line":199,"column":5}}},"14":{"name":"(anonymous_15)","decl":{"start":{"line":184,"column":20},"end":{"line":184,"column":25}},"loc":{"start":{"line":184,"column":28},"end":{"line":187,"column":13}}},"15":{"name":"(anonymous_16)","decl":{"start":{"line":188,"column":17},"end":{"line":188,"column":22}},"loc":{"start":{"line":188,"column":25},"end":{"line":196,"column":13}}},"16":{"name":"(anonymous_17)","decl":{"start":{"line":208,"column":4},"end":{"line":208,"column":15}},"loc":{"start":{"line":208,"column":77},"end":{"line":239,"column":5}}},"17":{"name":"(anonymous_18)","decl":{"start":{"line":217,"column":49},"end":{"line":217,"column":57}},"loc":{"start":{"line":217,"column":60},"end":{"line":220,"column":13}}},"18":{"name":"(anonymous_19)","decl":{"start":{"line":222,"column":46},"end":{"line":222,"column":48}},"loc":{"start":{"line":222,"column":51},"end":{"line":225,"column":13}}},"19":{"name":"(anonymous_20)","decl":{"start":{"line":229,"column":49},"end":{"line":229,"column":57}},"loc":{"start":{"line":229,"column":60},"end":{"line":231,"column":13}}},"20":{"name":"(anonymous_21)","decl":{"start":{"line":233,"column":46},"end":{"line":233,"column":48}},"loc":{"start":{"line":233,"column":51},"end":{"line":235,"column":13}}},"21":{"name":"(anonymous_22)","decl":{"start":{"line":248,"column":4},"end":{"line":248,"column":14}},"loc":{"start":{"line":248,"column":76},"end":{"line":269,"column":5}}},"22":{"name":"(anonymous_23)","decl":{"start":{"line":255,"column":49},"end":{"line":255,"column":57}},"loc":{"start":{"line":255,"column":60},"end":{"line":258,"column":13}}},"23":{"name":"(anonymous_24)","decl":{"start":{"line":262,"column":49},"end":{"line":262,"column":57}},"loc":{"start":{"line":262,"column":60},"end":{"line":265,"column":13}}}},"branchMap":{"0":{"loc":{"start":{"line":37,"column":8},"end":{"line":48,"column":null}},"type":"if","locations":[{"start":{"line":37,"column":8},"end":{"line":48,"column":null}}]},"1":{"loc":{"start":{"line":40,"column":16},"end":{"line":42,"column":null}},"type":"if","locations":[{"start":{"line":40,"column":16},"end":{"line":42,"column":null}}]},"2":{"loc":{"start":{"line":40,"column":20},"end":{"line":40,"column":91}},"type":"binary-expr","locations":[{"start":{"line":40,"column":20},"end":{"line":40,"column":53}},{"start":{"line":40,"column":57},"end":{"line":40,"column":91}}]},"3":{"loc":{"start":{"line":43,"column":16},"end":{"line":45,"column":null}},"type":"if","locations":[{"start":{"line":43,"column":16},"end":{"line":45,"column":null}}]},"4":{"loc":{"start":{"line":60,"column":12},"end":{"line":67,"column":null}},"type":"switch","locations":[{"start":{"line":61,"column":16},"end":{"line":63,"column":25}},{"start":{"line":64,"column":16},"end":{"line":66,"column":25}}]},"5":{"loc":{"start":{"line":83,"column":12},"end":{"line":105,"column":null}},"type":"if","locations":[{"start":{"line":83,"column":12},"end":{"line":105,"column":null}}]},"6":{"loc":{"start":{"line":88,"column":16},"end":{"line":95,"column":null}},"type":"if","locations":[{"start":{"line":88,"column":16},"end":{"line":95,"column":null}}]},"7":{"loc":{"start":{"line":98,"column":16},"end":{"line":100,"column":null}},"type":"if","locations":[{"start":{"line":98,"column":16},"end":{"line":100,"column":null}}]},"8":{"loc":{"start":{"line":102,"column":16},"end":{"line":104,"column":null}},"type":"if","locations":[{"start":{"line":102,"column":16},"end":{"line":104,"column":null}}]},"9":{"loc":{"start":{"line":107,"column":12},"end":{"line":110,"column":null}},"type":"if","locations":[{"start":{"line":107,"column":12},"end":{"line":110,"column":null}}]},"10":{"loc":{"start":{"line":112,"column":12},"end":{"line":115,"column":null}},"type":"if","locations":[{"start":{"line":112,"column":12},"end":{"line":115,"column":null}}]},"11":{"loc":{"start":{"line":117,"column":12},"end":{"line":149,"column":null}},"type":"if","locations":[{"start":{"line":117,"column":12},"end":{"line":149,"column":null}}]},"12":{"loc":{"start":{"line":128,"column":27},"end":{"line":128,"column":92}},"type":"cond-expr","locations":[{"start":{"line":128,"column":50},"end":{"line":128,"column":85}},{"start":{"line":128,"column":88},"end":{"line":128,"column":92}}]},"13":{"loc":{"start":{"line":130,"column":16},"end":{"line":146,"column":null}},"type":"if","locations":[{"start":{"line":130,"column":16},"end":{"line":146,"column":null}},{"start":{"line":142,"column":23},"end":{"line":146,"column":null}}]},"14":{"loc":{"start":{"line":162,"column":8},"end":{"line":169,"column":null}},"type":"if","locations":[{"start":{"line":162,"column":8},"end":{"line":169,"column":null}}]},"15":{"loc":{"start":{"line":190,"column":16},"end":{"line":195,"column":null}},"type":"if","locations":[{"start":{"line":190,"column":16},"end":{"line":195,"column":null}},{"start":{"line":192,"column":23},"end":{"line":195,"column":null}}]},"16":{"loc":{"start":{"line":190,"column":20},"end":{"line":190,"column":69}},"type":"binary-expr","locations":[{"start":{"line":190,"column":20},"end":{"line":190,"column":27}},{"start":{"line":190,"column":31},"end":{"line":190,"column":69}}]},"17":{"loc":{"start":{"line":214,"column":8},"end":{"line":236,"column":null}},"type":"if","locations":[{"start":{"line":214,"column":8},"end":{"line":236,"column":null}},{"start":{"line":226,"column":15},"end":{"line":236,"column":null}}]},"18":{"loc":{"start":{"line":252,"column":8},"end":{"line":266,"column":null}},"type":"if","locations":[{"start":{"line":252,"column":8},"end":{"line":266,"column":null}},{"start":{"line":259,"column":15},"end":{"line":266,"column":null}}]}},"s":{"0":1,"1":8,"2":8,"3":8,"4":8,"5":8,"6":8,"7":8,"8":8,"9":26,"10":9,"11":17,"12":3,"13":14,"14":8,"15":22,"16":23,"17":14,"18":14,"19":9,"20":9,"21":14,"22":14,"23":14,"24":14,"25":14,"26":4,"27":4,"28":1,"29":1,"30":1,"31":4,"32":1,"33":4,"34":2,"35":14,"36":1,"37":1,"38":14,"39":1,"40":1,"41":14,"42":2,"43":2,"44":2,"45":2,"46":2,"47":1,"48":1,"49":1,"50":1,"51":1,"52":1,"53":1,"54":2,"55":14,"56":9,"57":9,"58":9,"59":9,"60":15,"61":9,"62":9,"63":9,"64":9,"65":25,"66":11,"67":8,"68":3,"69":9,"70":2,"71":2,"72":2,"73":1,"74":3,"75":1,"76":1,"77":1,"78":3,"79":1,"80":1,"81":2,"82":3,"83":3,"84":2,"85":5,"86":1,"87":3,"88":3,"89":1},"f":{"0":8,"1":8,"2":26,"3":22,"4":23,"5":14,"6":1,"7":1,"8":1,"9":1,"10":1,"11":9,"12":15,"13":9,"14":25,"15":11,"16":2,"17":3,"18":1,"19":3,"20":1,"21":3,"22":5,"23":3},"b":{"0":[8],"1":[9],"2":[26,9],"3":[3],"4":[14,9],"5":[4],"6":[1],"7":[1],"8":[2],"9":[1],"10":[1],"11":[2],"12":[1,1],"13":[1,1],"14":[9],"15":[8,3],"16":[11,9],"17":[1,1],"18":[2,1]}}
,"/Users/lzzzt/Code/JavaScript/MiniMVVM/src/MVVM/Publisher/index.ts": {"path":"/Users/lzzzt/Code/JavaScript/MiniMVVM/src/MVVM/Publisher/index.ts","statementMap":{"0":{"start":{"line":2,"column":0},"end":{"line":2,"column":37}},"1":{"start":{"line":15,"column":8},"end":{"line":15,"column":null}},"2":{"start":{"line":16,"column":8},"end":{"line":16,"column":null}},"3":{"start":{"line":26,"column":8},"end":{"line":26,"column":null}},"4":{"start":{"line":29,"column":8},"end":{"line":38,"column":null}},"5":{"start":{"line":30,"column":12},"end":{"line":37,"column":null}},"6":{"start":{"line":32,"column":16},"end":{"line":32,"column":null}},"7":{"start":{"line":34,"column":16},"end":{"line":36,"column":null}},"8":{"start":{"line":35,"column":20},"end":{"line":35,"column":null}},"9":{"start":{"line":49,"column":26},"end":{"line":49,"column":41}},"10":{"start":{"line":50,"column":8},"end":{"line":62,"column":null}},"11":{"start":{"line":54,"column":16},"end":{"line":54,"column":null}},"12":{"start":{"line":55,"column":16},"end":{"line":55,"column":null}},"13":{"start":{"line":58,"column":16},"end":{"line":58,"column":null}},"14":{"start":{"line":60,"column":16},"end":{"line":60,"column":null}},"15":{"start":{"line":7,"column":0},"end":{"line":7,"column":21}}},"fnMap":{"0":{"name":"(anonymous_1)","decl":{"start":{"line":14,"column":4},"end":{"line":14,"column":16}},"loc":{"start":{"line":14,"column":26},"end":{"line":17,"column":5}}},"1":{"name":"(anonymous_2)","decl":{"start":{"line":25,"column":4},"end":{"line":25,"column":13}},"loc":{"start":{"line":25,"column":60},"end":{"line":39,"column":5}}},"2":{"name":"(anonymous_3)","decl":{"start":{"line":29,"column":34},"end":{"line":29,"column":35}},"loc":{"start":{"line":29,"column":38},"end":{"line":38,"column":9}}},"3":{"name":"(anonymous_4)","decl":{"start":{"line":47,"column":4},"end":{"line":47,"column":12}},"loc":{"start":{"line":47,"column":48},"end":{"line":63,"column":5}}},"4":{"name":"(anonymous_5)","decl":{"start":{"line":53,"column":12},"end":{"line":53,"column":15}},"loc":{"start":{"line":53,"column":15},"end":{"line":56,"column":13}}},"5":{"name":"(anonymous_6)","decl":{"start":{"line":57,"column":12},"end":{"line":57,"column":15}},"loc":{"start":{"line":57,"column":29},"end":{"line":61,"column":13}}}},"branchMap":{"0":{"loc":{"start":{"line":30,"column":12},"end":{"line":37,"column":null}},"type":"if","locations":[{"start":{"line":30,"column":12},"end":{"line":37,"column":null}}]},"1":{"loc":{"start":{"line":34,"column":16},"end":{"line":36,"column":null}},"type":"if","locations":[{"start":{"line":34,"column":16},"end":{"line":36,"column":null}}]},"2":{"loc":{"start":{"line":54,"column":16},"end":{"line":54,"column":67}},"type":"binary-expr","locations":[{"start":{"line":54,"column":16},"end":{"line":54,"column":32}},{"start":{"line":54,"column":36},"end":{"line":54,"column":67}}]}},"s":{"0":1,"1":8,"2":8,"3":15,"4":15,"5":48,"6":33,"7":33,"8":7,"9":35,"10":35,"11":167,"12":167,"13":15,"14":15,"15":1},"f":{"0":8,"1":15,"2":48,"3":35,"4":167,"5":15},"b":{"0":[33],"1":[7],"2":[167,29]}}
,"/Users/lzzzt/Code/JavaScript/MiniMVVM/src/MVVM/Subscribe/index.ts": {"path":"/Users/lzzzt/Code/JavaScript/MiniMVVM/src/MVVM/Subscribe/index.ts","statementMap":{"0":{"start":{"line":7,"column":39},"end":{"line":7,"column":43}},"1":{"start":{"line":11,"column":8},"end":{"line":11,"column":null}},"2":{"start":{"line":19,"column":8},"end":{"line":19,"column":null}},"3":{"start":{"line":26,"column":8},"end":{"line":28,"column":null}},"4":{"start":{"line":27,"column":12},"end":{"line":27,"column":null}},"5":{"start":{"line":6,"column":0},"end":{"line":6,"column":21}}},"fnMap":{"0":{"name":"(anonymous_0)","decl":{"start":{"line":10,"column":4},"end":{"line":10,"column":null}},"loc":{"start":{"line":10,"column":4},"end":{"line":12,"column":5}}},"1":{"name":"(anonymous_1)","decl":{"start":{"line":18,"column":4},"end":{"line":18,"column":7}},"loc":{"start":{"line":18,"column":26},"end":{"line":20,"column":5}}},"2":{"name":"(anonymous_2)","decl":{"start":{"line":25,"column":4},"end":{"line":25,"column":11}},"loc":{"start":{"line":25,"column":11},"end":{"line":29,"column":5}}},"3":{"name":"(anonymous_3)","decl":{"start":{"line":26,"column":32},"end":{"line":26,"column":37}},"loc":{"start":{"line":26,"column":40},"end":{"line":28,"column":9}}}},"branchMap":{},"s":{"0":1,"1":35,"2":29,"3":15,"4":15,"5":1},"f":{"0":35,"1":29,"2":15,"3":15},"b":{}}
,"/Users/lzzzt/Code/JavaScript/MiniMVVM/src/MVVM/Subscriber/index.ts": {"path":"/Users/lzzzt/Code/JavaScript/MiniMVVM/src/MVVM/Subscriber/index.ts","statementMap":{"0":{"start":{"line":2,"column":0},"end":{"line":2,"column":37}},"1":{"start":{"line":22,"column":8},"end":{"line":22,"column":null}},"2":{"start":{"line":23,"column":8},"end":{"line":23,"column":null}},"3":{"start":{"line":24,"column":8},"end":{"line":24,"column":null}},"4":{"start":{"line":25,"column":8},"end":{"line":25,"column":null}},"5":{"start":{"line":27,"column":8},"end":{"line":27,"column":null}},"6":{"start":{"line":35,"column":8},"end":{"line":35,"column":null}},"7":{"start":{"line":38,"column":20},"end":{"line":42,"column":24}},"8":{"start":{"line":45,"column":8},"end":{"line":45,"column":null}},"9":{"start":{"line":47,"column":8},"end":{"line":47,"column":null}},"10":{"start":{"line":55,"column":8},"end":{"line":55,"column":null}},"11":{"start":{"line":9,"column":0},"end":{"line":9,"column":21}}},"fnMap":{"0":{"name":"(anonymous_1)","decl":{"start":{"line":21,"column":4},"end":{"line":21,"column":16}},"loc":{"start":{"line":21,"column":73},"end":{"line":28,"column":5}}},"1":{"name":"(anonymous_2)","decl":{"start":{"line":33,"column":4},"end":{"line":33,"column":19}},"loc":{"start":{"line":33,"column":19},"end":{"line":48,"column":5}}},"2":{"name":"(anonymous_3)","decl":{"start":{"line":53,"column":4},"end":{"line":53,"column":10}},"loc":{"start":{"line":53,"column":10},"end":{"line":56,"column":5}}}},"branchMap":{},"s":{"0":1,"1":15,"2":15,"3":15,"4":15,"5":15,"6":30,"7":30,"8":30,"9":30,"10":30,"11":1},"f":{"0":15,"1":30,"2":30},"b":{}}
}
