TN:
SF:src/MVVM/index.ts
FN:19,(anonymous_1)
FN:39,(anonymous_2)
FN:41,(anonymous_3)
FN:46,(anonymous_4)
FN:49,(anonymous_5)
FN:59,(anonymous_6)
FN:60,(anonymous_7)
FN:67,(anonymous_8)
FN:74,(anonymous_9)
FN:78,(anonymous_10)
FN:86,(anonymous_11)
FN:93,(anonymous_12)
FNF:12
FNH:12
FNDA:8,(anonymous_1)
FNDA:8,(anonymous_2)
FNDA:24,(anonymous_3)
FNDA:2,(anonymous_4)
FNDA:61,(anonymous_5)
FNDA:8,(anonymous_6)
FNDA:4,(anonymous_7)
FNDA:4,(anonymous_8)
FNDA:2,(anonymous_9)
FNDA:6,(anonymous_10)
FNDA:2,(anonymous_11)
FNDA:6,(anonymous_12)
DA:2,1
DA:3,1
DA:8,1
DA:21,8
DA:23,8
DA:25,8
DA:27,8
DA:29,8
DA:31,8
DA:33,8
DA:41,8
DA:43,24
DA:47,2
DA:50,61
DA:60,8
DA:62,4
DA:64,4
DA:68,4
DA:75,2
DA:76,2
DA:77,2
DA:78,2
DA:79,6
DA:80,2
DA:87,2
DA:88,2
DA:89,1
DA:91,1
DA:93,2
DA:94,6
DA:95,2
LF:31
LH:31
BRDA:25,0,0,5
BRDA:25,0,1,3
BRDA:75,1,0,2
BRDA:79,2,0,2
BRDA:87,3,0,2
BRDA:88,4,0,1
BRDA:88,4,1,1
BRDA:94,5,0,2
BRF:8
BRH:8
end_of_record
TN:
SF:src/MVVM/Parser/index.ts
FN:16,(anonymous_1)
FN:33,(anonymous_2)
FN:39,(anonymous_3)
FN:57,(anonymous_4)
FN:59,(anonymous_5)
FN:76,(anonymous_6)
FN:90,(anonymous_7)
FN:132,(anonymous_8)
FN:135,(anonymous_9)
FN:137,(anonymous_10)
FN:143,(anonymous_11)
FN:159,(anonymous_12)
FN:166,(anonymous_13)
FN:176,(anonymous_14)
FN:184,(anonymous_15)
FN:188,(anonymous_16)
FN:208,(anonymous_17)
FN:217,(anonymous_18)
FN:222,(anonymous_19)
FN:229,(anonymous_20)
FN:233,(anonymous_21)
FN:248,(anonymous_22)
FN:255,(anonymous_23)
FN:262,(anonymous_24)
FNF:24
FNH:24
FNDA:8,(anonymous_1)
FNDA:8,(anonymous_2)
FNDA:26,(anonymous_3)
FNDA:22,(anonymous_4)
FNDA:23,(anonymous_5)
FNDA:14,(anonymous_6)
FNDA:1,(anonymous_7)
FNDA:1,(anonymous_8)
FNDA:1,(anonymous_9)
FNDA:1,(anonymous_10)
FNDA:1,(anonymous_11)
FNDA:9,(anonymous_12)
FNDA:15,(anonymous_13)
FNDA:9,(anonymous_14)
FNDA:25,(anonymous_15)
FNDA:11,(anonymous_16)
FNDA:2,(anonymous_17)
FNDA:3,(anonymous_18)
FNDA:1,(anonymous_19)
FNDA:3,(anonymous_20)
FNDA:1,(anonymous_21)
FNDA:3,(anonymous_22)
FNDA:5,(anonymous_23)
FNDA:3,(anonymous_24)
DA:2,1
DA:7,1
DA:18,8
DA:20,8
DA:22,8
DA:24,8
DA:26,8
DA:35,8
DA:37,8
DA:39,8
DA:40,26
DA:41,9
DA:43,17
DA:44,3
DA:46,14
DA:50,8
DA:59,22
DA:60,23
DA:62,14
DA:63,14
DA:65,9
DA:66,9
DA:78,14
DA:79,14
DA:81,14
DA:83,14
DA:85,4
DA:88,4
DA:90,1
DA:91,1
DA:94,1
DA:98,4
DA:99,1
DA:102,4
DA:103,2
DA:107,14
DA:108,1
DA:109,1
DA:112,14
DA:113,1
DA:114,1
DA:117,14
DA:119,2
DA:122,2
DA:125,2
DA:128,2
DA:130,2
DA:132,1
DA:135,1
DA:137,1
DA:139,1
DA:143,1
DA:144,1
DA:148,2
DA:152,14
DA:161,9
DA:162,9
DA:164,9
DA:166,9
DA:167,15
DA:178,9
DA:180,9
DA:181,9
DA:183,9
DA:186,25
DA:190,11
DA:191,8
DA:194,3
DA:198,9
DA:210,2
DA:212,2
DA:214,2
DA:217,1
DA:219,3
DA:222,1
DA:224,1
DA:229,1
DA:230,3
DA:233,1
DA:234,1
DA:238,2
DA:250,3
DA:252,3
DA:255,2
DA:257,5
DA:262,1
DA:264,3
DA:268,3
LF:88
LH:88
BRDA:37,0,0,8
BRDA:40,1,0,9
BRDA:40,2,0,26
BRDA:40,2,1,9
BRDA:43,3,0,3
BRDA:60,4,0,14
BRDA:60,4,1,9
BRDA:83,5,0,4
BRDA:88,6,0,1
BRDA:98,7,0,1
BRDA:102,8,0,2
BRDA:107,9,0,1
BRDA:112,10,0,1
BRDA:117,11,0,2
BRDA:128,12,0,1
BRDA:128,12,1,1
BRDA:130,13,0,1
BRDA:130,13,1,1
BRDA:162,14,0,9
BRDA:190,15,0,8
BRDA:190,15,1,3
BRDA:190,16,0,11
BRDA:190,16,1,9
BRDA:214,17,0,1
BRDA:214,17,1,1
BRDA:252,18,0,2
BRDA:252,18,1,1
BRF:27
BRH:27
end_of_record
TN:
SF:src/MVVM/Publisher/index.ts
FN:14,(anonymous_1)
FN:25,(anonymous_2)
FN:29,(anonymous_3)
FN:47,(anonymous_4)
FN:53,(anonymous_5)
FN:57,(anonymous_6)
FNF:6
FNH:6
FNDA:8,(anonymous_1)
FNDA:15,(anonymous_2)
FNDA:48,(anonymous_3)
FNDA:35,(anonymous_4)
FNDA:167,(anonymous_5)
FNDA:15,(anonymous_6)
DA:2,1
DA:7,1
DA:15,8
DA:16,8
DA:26,15
DA:29,15
DA:30,48
DA:32,33
DA:34,33
DA:35,7
DA:49,35
DA:50,35
DA:54,167
DA:55,167
DA:58,15
DA:60,15
LF:16
LH:16
BRDA:30,0,0,33
BRDA:34,1,0,7
BRDA:54,2,0,167
BRDA:54,2,1,29
BRF:4
BRH:4
end_of_record
TN:
SF:src/MVVM/Subscribe/index.ts
FN:10,(anonymous_0)
FN:18,(anonymous_1)
FN:25,(anonymous_2)
FN:26,(anonymous_3)
FNF:4
FNH:4
FNDA:35,(anonymous_0)
FNDA:29,(anonymous_1)
FNDA:15,(anonymous_2)
FNDA:15,(anonymous_3)
DA:6,1
DA:7,1
DA:11,35
DA:19,29
DA:26,15
DA:27,15
LF:6
LH:6
BRF:0
BRH:0
end_of_record
TN:
SF:src/MVVM/Subscriber/index.ts
FN:21,(anonymous_1)
FN:33,(anonymous_2)
FN:53,(anonymous_3)
FNF:3
FNH:3
FNDA:15,(anonymous_1)
FNDA:30,(anonymous_2)
FNDA:30,(anonymous_3)
DA:2,1
DA:9,1
DA:22,15
DA:23,15
DA:24,15
DA:25,15
DA:27,15
DA:35,30
DA:38,30
DA:45,30
DA:47,30
DA:55,30
LF:12
LH:12
BRF:0
BRH:0
end_of_record
