{"/Users/lzzzt/Code/JavaScript/MiniMVVM/src/MVVM/index.ts": {"path":"/Users/lzzzt/Code/JavaScript/MiniMVVM/src/MVVM/index.ts","statementMap":{"0":{"start":{"line":2,"column":0},"end":{"line":2,"column":36}},"1":{"start":{"line":3,"column":0},"end":{"line":3,"column":30}},"2":{"start":{"line":14,"column":8},"end":{"line":14,"column":null}},"3":{"start":{"line":16,"column":8},"end":{"line":16,"column":null}},"4":{"start":{"line":18,"column":8},"end":{"line":18,"column":null}},"5":{"start":{"line":20,"column":8},"end":{"line":20,"column":null}},"6":{"start":{"line":22,"column":8},"end":{"line":22,"column":null}},"7":{"start":{"line":24,"column":8},"end":{"line":24,"column":null}},"8":{"start":{"line":26,"column":8},"end":{"line":26,"column":null}},"9":{"start":{"line":30,"column":8},"end":{"line":41,"column":null}},"10":{"start":{"line":31,"column":12},"end":{"line":40,"column":null}},"11":{"start":{"line":35,"column":20},"end":{"line":35,"column":null}},"12":{"start":{"line":38,"column":20},"end":{"line":38,"column":null}},"13":{"start":{"line":45,"column":8},"end":{"line":53,"column":null}},"14":{"start":{"line":46,"column":12},"end":{"line":46,"column":null}},"15":{"start":{"line":47,"column":12},"end":{"line":52,"column":null}},"16":{"start":{"line":50,"column":20},"end":{"line":50,"column":null}},"17":{"start":{"line":5,"column":0},"end":{"line":5,"column":21}}},"fnMap":{"0":{"name":"(anonymous_1)","decl":{"start":{"line":12,"column":4},"end":{"line":12,"column":16}},"loc":{"start":{"line":12,"column":32},"end":{"line":27,"column":5}}},"1":{"name":"(anonymous_2)","decl":{"start":{"line":29,"column":4},"end":{"line":29,"column":13}},"loc":{"start":{"line":29,"column":24},"end":{"line":42,"column":5}}},"2":{"name":"(anonymous_3)","decl":{"start":{"line":30,"column":34},"end":{"line":30,"column":35}},"loc":{"start":{"line":30,"column":38},"end":{"line":41,"column":9}}},"3":{"name":"(anonymous_4)","decl":{"start":{"line":34,"column":16},"end":{"line":34,"column":19}},"loc":{"start":{"line":34,"column":26},"end":{"line":36,"column":17}}},"4":{"name":"(anonymous_5)","decl":{"start":{"line":37,"column":16},"end":{"line":37,"column":19}},"loc":{"start":{"line":37,"column":19},"end":{"line":39,"column":17}}},"5":{"name":"(anonymous_6)","decl":{"start":{"line":44,"column":4},"end":{"line":44,"column":16}},"loc":{"start":{"line":44,"column":33},"end":{"line":54,"column":5}}},"6":{"name":"(anonymous_7)","decl":{"start":{"line":45,"column":37},"end":{"line":45,"column":38}},"loc":{"start":{"line":45,"column":41},"end":{"line":53,"column":9}}},"7":{"name":"(anonymous_8)","decl":{"start":{"line":49,"column":16},"end":{"line":49,"column":19}},"loc":{"start":{"line":49,"column":19},"end":{"line":51,"column":17}}}},"branchMap":{"0":{"loc":{"start":{"line":18,"column":24},"end":{"line":18,"column":62}},"type":"cond-expr","locations":[{"start":{"line":18,"column":42},"end":{"line":18,"column":57}},{"start":{"line":18,"column":60},"end":{"line":18,"column":62}}]}},"s":{"0":1,"1":1,"2":6,"3":6,"4":6,"5":6,"6":6,"7":6,"8":6,"9":6,"10":12,"11":2,"12":47,"13":6,"14":4,"15":4,"16":4,"17":1},"f":{"0":6,"1":6,"2":12,"3":2,"4":47,"5":6,"6":4,"7":4},"b":{"0":[5,1]}}
,"/Users/lzzzt/Code/JavaScript/MiniMVVM/src/MVVM/Parser/index.ts": {"path":"/Users/lzzzt/Code/JavaScript/MiniMVVM/src/MVVM/Parser/index.ts","statementMap":{"0":{"start":{"line":2,"column":0},"end":{"line":2,"column":39}},"1":{"start":{"line":11,"column":8},"end":{"line":11,"column":null}},"2":{"start":{"line":13,"column":8},"end":{"line":13,"column":null}},"3":{"start":{"line":15,"column":8},"end":{"line":15,"column":null}},"4":{"start":{"line":17,"column":8},"end":{"line":17,"column":null}},"5":{"start":{"line":19,"column":8},"end":{"line":19,"column":null}},"6":{"start":{"line":23,"column":19},"end":{"line":23,"column":52}},"7":{"start":{"line":25,"column":8},"end":{"line":35,"column":null}},"8":{"start":{"line":26,"column":12},"end":{"line":34,"column":null}},"9":{"start":{"line":27,"column":16},"end":{"line":29,"column":null}},"10":{"start":{"line":28,"column":20},"end":{"line":28,"column":26}},"11":{"start":{"line":30,"column":16},"end":{"line":32,"column":null}},"12":{"start":{"line":31,"column":20},"end":{"line":31,"column":26}},"13":{"start":{"line":33,"column":16},"end":{"line":33,"column":null}},"14":{"start":{"line":37,"column":8},"end":{"line":37,"column":null}},"15":{"start":{"line":41,"column":8},"end":{"line":50,"column":null}},"16":{"start":{"line":42,"column":12},"end":{"line":49,"column":null}},"17":{"start":{"line":44,"column":20},"end":{"line":44,"column":null}},"18":{"start":{"line":45,"column":20},"end":{"line":45,"column":25}},"19":{"start":{"line":47,"column":20},"end":{"line":47,"column":null}},"20":{"start":{"line":48,"column":20},"end":{"line":48,"column":25}},"21":{"start":{"line":54,"column":22},"end":{"line":54,"column":37}},"22":{"start":{"line":55,"column":8},"end":{"line":104,"column":null}},"23":{"start":{"line":55,"column":21},"end":{"line":55,"column":22}},"24":{"start":{"line":56,"column":34},"end":{"line":56,"column":42}},"25":{"start":{"line":57,"column":12},"end":{"line":72,"column":null}},"26":{"start":{"line":58,"column":34},"end":{"line":58,"column":47}},"27":{"start":{"line":60,"column":16},"end":{"line":65,"column":null}},"28":{"start":{"line":61,"column":20},"end":{"line":63,"column":null}},"29":{"start":{"line":62,"column":24},"end":{"line":62,"column":null}},"30":{"start":{"line":64,"column":20},"end":{"line":64,"column":null}},"31":{"start":{"line":66,"column":16},"end":{"line":68,"column":null}},"32":{"start":{"line":67,"column":20},"end":{"line":67,"column":null}},"33":{"start":{"line":69,"column":16},"end":{"line":71,"column":null}},"34":{"start":{"line":70,"column":20},"end":{"line":70,"column":null}},"35":{"start":{"line":73,"column":12},"end":{"line":76,"column":null}},"36":{"start":{"line":74,"column":34},"end":{"line":74,"column":60}},"37":{"start":{"line":75,"column":16},"end":{"line":75,"column":null}},"38":{"start":{"line":77,"column":12},"end":{"line":80,"column":null}},"39":{"start":{"line":78,"column":34},"end":{"line":78,"column":61}},"40":{"start":{"line":79,"column":16},"end":{"line":79,"column":null}},"41":{"start":{"line":81,"column":12},"end":{"line":103,"column":null}},"42":{"start":{"line":82,"column":34},"end":{"line":82,"column":55}},"43":{"start":{"line":84,"column":32},"end":{"line":84,"column":42}},"44":{"start":{"line":86,"column":27},"end":{"line":86,"column":56}},"45":{"start":{"line":88,"column":27},"end":{"line":88,"column":92}},"46":{"start":{"line":90,"column":16},"end":{"line":102,"column":null}},"47":{"start":{"line":91,"column":20},"end":{"line":91,"column":null}},"48":{"start":{"line":91,"column":42},"end":{"line":91,"column":50}},"49":{"start":{"line":93,"column":20},"end":{"line":97,"column":null}},"50":{"start":{"line":94,"column":24},"end":{"line":96,"column":null}},"51":{"start":{"line":95,"column":28},"end":{"line":95,"column":null}},"52":{"start":{"line":99,"column":20},"end":{"line":101,"column":null}},"53":{"start":{"line":100,"column":24},"end":{"line":100,"column":null}},"54":{"start":{"line":105,"column":8},"end":{"line":105,"column":null}},"55":{"start":{"line":109,"column":19},"end":{"line":109,"column":43}},"56":{"start":{"line":110,"column":8},"end":{"line":115,"column":null}},"57":{"start":{"line":111,"column":25},"end":{"line":111,"column":48}},"58":{"start":{"line":112,"column":12},"end":{"line":114,"column":null}},"59":{"start":{"line":113,"column":16},"end":{"line":113,"column":null}},"60":{"start":{"line":119,"column":24},"end":{"line":119,"column":38}},"61":{"start":{"line":120,"column":21},"end":{"line":120,"column":40}},"62":{"start":{"line":121,"column":24},"end":{"line":121,"column":43}},"63":{"start":{"line":122,"column":8},"end":{"line":128,"column":null}},"64":{"start":{"line":122,"column":40},"end":{"line":122,"column":52}},"65":{"start":{"line":123,"column":12},"end":{"line":127,"column":null}},"66":{"start":{"line":124,"column":16},"end":{"line":124,"column":null}},"67":{"start":{"line":126,"column":16},"end":{"line":126,"column":null}},"68":{"start":{"line":129,"column":8},"end":{"line":129,"column":null}},"69":{"start":{"line":133,"column":22},"end":{"line":133,"column":46}},"70":{"start":{"line":134,"column":21},"end":{"line":134,"column":47}},"71":{"start":{"line":135,"column":8},"end":{"line":151,"column":null}},"72":{"start":{"line":136,"column":12},"end":{"line":139,"column":null}},"73":{"start":{"line":138,"column":16},"end":{"line":138,"column":null}},"74":{"start":{"line":140,"column":12},"end":{"line":143,"column":null}},"75":{"start":{"line":142,"column":16},"end":{"line":142,"column":null}},"76":{"start":{"line":145,"column":12},"end":{"line":147,"column":null}},"77":{"start":{"line":146,"column":16},"end":{"line":146,"column":null}},"78":{"start":{"line":148,"column":12},"end":{"line":150,"column":null}},"79":{"start":{"line":149,"column":16},"end":{"line":149,"column":null}},"80":{"start":{"line":152,"column":8},"end":{"line":152,"column":null}},"81":{"start":{"line":156,"column":21},"end":{"line":156,"column":47}},"82":{"start":{"line":158,"column":8},"end":{"line":168,"column":null}},"83":{"start":{"line":159,"column":12},"end":{"line":162,"column":null}},"84":{"start":{"line":161,"column":16},"end":{"line":161,"column":null}},"85":{"start":{"line":164,"column":12},"end":{"line":167,"column":null}},"86":{"start":{"line":166,"column":16},"end":{"line":166,"column":null}},"87":{"start":{"line":169,"column":8},"end":{"line":169,"column":null}},"88":{"start":{"line":4,"column":0},"end":{"line":4,"column":21}}},"fnMap":{"0":{"name":"(anonymous_1)","decl":{"start":{"line":9,"column":4},"end":{"line":9,"column":16}},"loc":{"start":{"line":9,"column":29},"end":{"line":20,"column":5}}},"1":{"name":"(anonymous_2)","decl":{"start":{"line":22,"column":4},"end":{"line":22,"column":13}},"loc":{"start":{"line":22,"column":27},"end":{"line":38,"column":5}}},"2":{"name":"(anonymous_3)","decl":{"start":{"line":26,"column":36},"end":{"line":26,"column":41}},"loc":{"start":{"line":26,"column":44},"end":{"line":34,"column":13}}},"3":{"name":"(anonymous_4)","decl":{"start":{"line":40,"column":4},"end":{"line":40,"column":9}},"loc":{"start":{"line":40,"column":42},"end":{"line":51,"column":5}}},"4":{"name":"(anonymous_5)","decl":{"start":{"line":41,"column":32},"end":{"line":41,"column":37}},"loc":{"start":{"line":41,"column":40},"end":{"line":50,"column":9}}},"5":{"name":"(anonymous_6)","decl":{"start":{"line":53,"column":4},"end":{"line":53,"column":20}},"loc":{"start":{"line":53,"column":34},"end":{"line":106,"column":5}}},"6":{"name":"(anonymous_7)","decl":{"start":{"line":61,"column":57},"end":{"line":61,"column":65}},"loc":{"start":{"line":61,"column":68},"end":{"line":63,"column":21}}},"7":{"name":"(anonymous_8)","decl":{"start":{"line":91,"column":37},"end":{"line":91,"column":38}},"loc":{"start":{"line":91,"column":42},"end":{"line":91,"column":50}}},"8":{"name":"(anonymous_9)","decl":{"start":{"line":93,"column":53},"end":{"line":93,"column":56}},"loc":{"start":{"line":93,"column":58},"end":{"line":97,"column":21}}},"9":{"name":"(anonymous_10)","decl":{"start":{"line":94,"column":64},"end":{"line":94,"column":65}},"loc":{"start":{"line":94,"column":68},"end":{"line":96,"column":25}}},"10":{"name":"(anonymous_11)","decl":{"start":{"line":99,"column":53},"end":{"line":99,"column":56}},"loc":{"start":{"line":99,"column":58},"end":{"line":101,"column":21}}},"11":{"name":"(anonymous_12)","decl":{"start":{"line":108,"column":4},"end":{"line":108,"column":17}},"loc":{"start":{"line":108,"column":31},"end":{"line":116,"column":5}}},"12":{"name":"(anonymous_13)","decl":{"start":{"line":112,"column":48},"end":{"line":112,"column":49}},"loc":{"start":{"line":112,"column":69},"end":{"line":114,"column":13}}},"13":{"name":"(anonymous_14)","decl":{"start":{"line":118,"column":4},"end":{"line":118,"column":16}},"loc":{"start":{"line":118,"column":29},"end":{"line":130,"column":5}}},"14":{"name":"(anonymous_15)","decl":{"start":{"line":122,"column":31},"end":{"line":122,"column":36}},"loc":{"start":{"line":122,"column":40},"end":{"line":122,"column":52}}},"15":{"name":"(anonymous_16)","decl":{"start":{"line":122,"column":58},"end":{"line":122,"column":63}},"loc":{"start":{"line":122,"column":66},"end":{"line":128,"column":9}}},"16":{"name":"(anonymous_17)","decl":{"start":{"line":132,"column":4},"end":{"line":132,"column":15}},"loc":{"start":{"line":132,"column":77},"end":{"line":153,"column":5}}},"17":{"name":"(anonymous_18)","decl":{"start":{"line":136,"column":49},"end":{"line":136,"column":57}},"loc":{"start":{"line":136,"column":60},"end":{"line":139,"column":13}}},"18":{"name":"(anonymous_19)","decl":{"start":{"line":140,"column":44},"end":{"line":140,"column":46}},"loc":{"start":{"line":140,"column":49},"end":{"line":143,"column":13}}},"19":{"name":"(anonymous_20)","decl":{"start":{"line":145,"column":49},"end":{"line":145,"column":57}},"loc":{"start":{"line":145,"column":60},"end":{"line":147,"column":13}}},"20":{"name":"(anonymous_21)","decl":{"start":{"line":148,"column":44},"end":{"line":148,"column":46}},"loc":{"start":{"line":148,"column":49},"end":{"line":150,"column":13}}},"21":{"name":"(anonymous_22)","decl":{"start":{"line":155,"column":4},"end":{"line":155,"column":14}},"loc":{"start":{"line":155,"column":76},"end":{"line":170,"column":5}}},"22":{"name":"(anonymous_23)","decl":{"start":{"line":159,"column":49},"end":{"line":159,"column":57}},"loc":{"start":{"line":159,"column":60},"end":{"line":162,"column":13}}},"23":{"name":"(anonymous_24)","decl":{"start":{"line":164,"column":49},"end":{"line":164,"column":57}},"loc":{"start":{"line":164,"column":60},"end":{"line":167,"column":13}}}},"branchMap":{"0":{"loc":{"start":{"line":25,"column":8},"end":{"line":35,"column":null}},"type":"if","locations":[{"start":{"line":25,"column":8},"end":{"line":35,"column":null}}]},"1":{"loc":{"start":{"line":27,"column":16},"end":{"line":29,"column":null}},"type":"if","locations":[{"start":{"line":27,"column":16},"end":{"line":29,"column":null}}]},"2":{"loc":{"start":{"line":27,"column":20},"end":{"line":27,"column":91}},"type":"binary-expr","locations":[{"start":{"line":27,"column":20},"end":{"line":27,"column":53}},{"start":{"line":27,"column":57},"end":{"line":27,"column":91}}]},"3":{"loc":{"start":{"line":30,"column":16},"end":{"line":32,"column":null}},"type":"if","locations":[{"start":{"line":30,"column":16},"end":{"line":32,"column":null}}]},"4":{"loc":{"start":{"line":42,"column":12},"end":{"line":49,"column":null}},"type":"switch","locations":[{"start":{"line":43,"column":16},"end":{"line":45,"column":25}},{"start":{"line":46,"column":16},"end":{"line":48,"column":25}}]},"5":{"loc":{"start":{"line":57,"column":12},"end":{"line":72,"column":null}},"type":"if","locations":[{"start":{"line":57,"column":12},"end":{"line":72,"column":null}}]},"6":{"loc":{"start":{"line":60,"column":16},"end":{"line":65,"column":null}},"type":"if","locations":[{"start":{"line":60,"column":16},"end":{"line":65,"column":null}}]},"7":{"loc":{"start":{"line":66,"column":16},"end":{"line":68,"column":null}},"type":"if","locations":[{"start":{"line":66,"column":16},"end":{"line":68,"column":null}}]},"8":{"loc":{"start":{"line":69,"column":16},"end":{"line":71,"column":null}},"type":"if","locations":[{"start":{"line":69,"column":16},"end":{"line":71,"column":null}}]},"9":{"loc":{"start":{"line":73,"column":12},"end":{"line":76,"column":null}},"type":"if","locations":[{"start":{"line":73,"column":12},"end":{"line":76,"column":null}}]},"10":{"loc":{"start":{"line":77,"column":12},"end":{"line":80,"column":null}},"type":"if","locations":[{"start":{"line":77,"column":12},"end":{"line":80,"column":null}}]},"11":{"loc":{"start":{"line":81,"column":12},"end":{"line":103,"column":null}},"type":"if","locations":[{"start":{"line":81,"column":12},"end":{"line":103,"column":null}}]},"12":{"loc":{"start":{"line":88,"column":27},"end":{"line":88,"column":92}},"type":"cond-expr","locations":[{"start":{"line":88,"column":50},"end":{"line":88,"column":85}},{"start":{"line":88,"column":88},"end":{"line":88,"column":92}}]},"13":{"loc":{"start":{"line":90,"column":16},"end":{"line":102,"column":null}},"type":"if","locations":[{"start":{"line":90,"column":16},"end":{"line":102,"column":null}},{"start":{"line":98,"column":23},"end":{"line":102,"column":null}}]},"14":{"loc":{"start":{"line":110,"column":8},"end":{"line":115,"column":null}},"type":"if","locations":[{"start":{"line":110,"column":8},"end":{"line":115,"column":null}}]},"15":{"loc":{"start":{"line":123,"column":12},"end":{"line":127,"column":null}},"type":"if","locations":[{"start":{"line":123,"column":12},"end":{"line":127,"column":null}},{"start":{"line":125,"column":19},"end":{"line":127,"column":null}}]},"16":{"loc":{"start":{"line":123,"column":16},"end":{"line":123,"column":65}},"type":"binary-expr","locations":[{"start":{"line":123,"column":16},"end":{"line":123,"column":23}},{"start":{"line":123,"column":27},"end":{"line":123,"column":65}}]},"17":{"loc":{"start":{"line":135,"column":8},"end":{"line":151,"column":null}},"type":"if","locations":[{"start":{"line":135,"column":8},"end":{"line":151,"column":null}},{"start":{"line":144,"column":15},"end":{"line":151,"column":null}}]},"18":{"loc":{"start":{"line":158,"column":8},"end":{"line":168,"column":null}},"type":"if","locations":[{"start":{"line":158,"column":8},"end":{"line":168,"column":null}},{"start":{"line":163,"column":15},"end":{"line":168,"column":null}}]}},"s":{"0":1,"1":6,"2":6,"3":6,"4":6,"5":6,"6":6,"7":6,"8":6,"9":20,"10":7,"11":13,"12":3,"13":10,"14":6,"15":16,"16":15,"17":10,"18":10,"19":5,"20":5,"21":10,"22":10,"23":10,"24":12,"25":12,"26":4,"27":4,"28":1,"29":1,"30":1,"31":4,"32":1,"33":4,"34":2,"35":12,"36":1,"37":1,"38":12,"39":1,"40":1,"41":12,"42":2,"43":2,"44":2,"45":2,"46":2,"47":1,"48":1,"49":1,"50":1,"51":1,"52":1,"53":1,"54":10,"55":5,"56":5,"57":5,"58":5,"59":7,"60":5,"61":5,"62":5,"63":5,"64":13,"65":7,"66":4,"67":3,"68":5,"69":2,"70":2,"71":2,"72":1,"73":3,"74":1,"75":1,"76":1,"77":3,"78":1,"79":1,"80":2,"81":3,"82":3,"83":2,"84":5,"85":1,"86":3,"87":3,"88":1},"f":{"0":6,"1":6,"2":20,"3":16,"4":15,"5":10,"6":1,"7":1,"8":1,"9":1,"10":1,"11":5,"12":7,"13":5,"14":13,"15":7,"16":2,"17":3,"18":1,"19":3,"20":1,"21":3,"22":5,"23":3},"b":{"0":[6],"1":[7],"2":[20,7],"3":[3],"4":[10,5],"5":[4],"6":[1],"7":[1],"8":[2],"9":[1],"10":[1],"11":[2],"12":[1,1],"13":[1,1],"14":[5],"15":[4,3],"16":[7,5],"17":[1,1],"18":[2,1]}}
,"/Users/lzzzt/Code/JavaScript/MiniMVVM/src/MVVM/Publisher/index.ts": {"path":"/Users/lzzzt/Code/JavaScript/MiniMVVM/src/MVVM/Publisher/index.ts","statementMap":{"0":{"start":{"line":2,"column":0},"end":{"line":2,"column":37}},"1":{"start":{"line":8,"column":8},"end":{"line":8,"column":null}},"2":{"start":{"line":9,"column":8},"end":{"line":9,"column":null}},"3":{"start":{"line":13,"column":8},"end":{"line":18,"column":null}},"4":{"start":{"line":14,"column":12},"end":{"line":14,"column":null}},"5":{"start":{"line":15,"column":12},"end":{"line":17,"column":null}},"6":{"start":{"line":16,"column":16},"end":{"line":16,"column":null}},"7":{"start":{"line":22,"column":26},"end":{"line":22,"column":41}},"8":{"start":{"line":23,"column":8},"end":{"line":34,"column":null}},"9":{"start":{"line":27,"column":16},"end":{"line":27,"column":null}},"10":{"start":{"line":28,"column":16},"end":{"line":28,"column":null}},"11":{"start":{"line":31,"column":16},"end":{"line":31,"column":null}},"12":{"start":{"line":32,"column":16},"end":{"line":32,"column":null}},"13":{"start":{"line":4,"column":0},"end":{"line":4,"column":21}}},"fnMap":{"0":{"name":"(anonymous_1)","decl":{"start":{"line":7,"column":4},"end":{"line":7,"column":16}},"loc":{"start":{"line":7,"column":26},"end":{"line":10,"column":5}}},"1":{"name":"(anonymous_2)","decl":{"start":{"line":12,"column":4},"end":{"line":12,"column":13}},"loc":{"start":{"line":12,"column":24},"end":{"line":19,"column":5}}},"2":{"name":"(anonymous_3)","decl":{"start":{"line":13,"column":34},"end":{"line":13,"column":35}},"loc":{"start":{"line":13,"column":38},"end":{"line":18,"column":9}}},"3":{"name":"(anonymous_4)","decl":{"start":{"line":21,"column":4},"end":{"line":21,"column":12}},"loc":{"start":{"line":21,"column":48},"end":{"line":35,"column":5}}},"4":{"name":"(anonymous_5)","decl":{"start":{"line":26,"column":12},"end":{"line":26,"column":15}},"loc":{"start":{"line":26,"column":15},"end":{"line":29,"column":13}}},"5":{"name":"(anonymous_6)","decl":{"start":{"line":30,"column":12},"end":{"line":30,"column":15}},"loc":{"start":{"line":30,"column":29},"end":{"line":33,"column":13}}}},"branchMap":{"0":{"loc":{"start":{"line":15,"column":12},"end":{"line":17,"column":null}},"type":"if","locations":[{"start":{"line":15,"column":12},"end":{"line":17,"column":null}}]},"1":{"loc":{"start":{"line":27,"column":16},"end":{"line":27,"column":67}},"type":"binary-expr","locations":[{"start":{"line":27,"column":16},"end":{"line":27,"column":32}},{"start":{"line":27,"column":36},"end":{"line":27,"column":67}}]}},"s":{"0":1,"1":6,"2":6,"3":9,"4":17,"5":17,"6":3,"7":17,"8":17,"9":96,"10":96,"11":10,"12":10,"13":1},"f":{"0":6,"1":9,"2":17,"3":17,"4":96,"5":10},"b":{"0":[3],"1":[96,21]}}
,"/Users/lzzzt/Code/JavaScript/MiniMVVM/src/MVVM/Subscribe/index.ts": {"path":"/Users/lzzzt/Code/JavaScript/MiniMVVM/src/MVVM/Subscribe/index.ts","statementMap":{"0":{"start":{"line":4,"column":39},"end":{"line":4,"column":43}},"1":{"start":{"line":8,"column":8},"end":{"line":8,"column":null}},"2":{"start":{"line":12,"column":8},"end":{"line":12,"column":null}},"3":{"start":{"line":16,"column":8},"end":{"line":18,"column":null}},"4":{"start":{"line":17,"column":12},"end":{"line":17,"column":null}},"5":{"start":{"line":3,"column":0},"end":{"line":3,"column":21}}},"fnMap":{"0":{"name":"(anonymous_0)","decl":{"start":{"line":7,"column":4},"end":{"line":7,"column":null}},"loc":{"start":{"line":7,"column":4},"end":{"line":9,"column":5}}},"1":{"name":"(anonymous_1)","decl":{"start":{"line":11,"column":4},"end":{"line":11,"column":7}},"loc":{"start":{"line":11,"column":26},"end":{"line":13,"column":5}}},"2":{"name":"(anonymous_2)","decl":{"start":{"line":15,"column":4},"end":{"line":15,"column":11}},"loc":{"start":{"line":15,"column":11},"end":{"line":19,"column":5}}},"3":{"name":"(anonymous_3)","decl":{"start":{"line":16,"column":32},"end":{"line":16,"column":37}},"loc":{"start":{"line":16,"column":40},"end":{"line":18,"column":9}}}},"branchMap":{},"s":{"0":1,"1":17,"2":21,"3":10,"4":11,"5":1},"f":{"0":17,"1":21,"2":10,"3":11},"b":{}}
,"/Users/lzzzt/Code/JavaScript/MiniMVVM/src/MVVM/Subscriber/index.ts": {"path":"/Users/lzzzt/Code/JavaScript/MiniMVVM/src/MVVM/Subscriber/index.ts","statementMap":{"0":{"start":{"line":2,"column":0},"end":{"line":2,"column":37}},"1":{"start":{"line":13,"column":8},"end":{"line":13,"column":null}},"2":{"start":{"line":14,"column":8},"end":{"line":14,"column":null}},"3":{"start":{"line":15,"column":8},"end":{"line":15,"column":null}},"4":{"start":{"line":16,"column":8},"end":{"line":16,"column":null}},"5":{"start":{"line":18,"column":8},"end":{"line":18,"column":null}},"6":{"start":{"line":22,"column":8},"end":{"line":22,"column":null}},"7":{"start":{"line":24,"column":20},"end":{"line":28,"column":24}},"8":{"start":{"line":30,"column":8},"end":{"line":30,"column":null}},"9":{"start":{"line":31,"column":8},"end":{"line":31,"column":null}},"10":{"start":{"line":35,"column":8},"end":{"line":35,"column":null}},"11":{"start":{"line":6,"column":0},"end":{"line":6,"column":21}}},"fnMap":{"0":{"name":"(anonymous_1)","decl":{"start":{"line":12,"column":4},"end":{"line":12,"column":16}},"loc":{"start":{"line":12,"column":73},"end":{"line":19,"column":5}}},"1":{"name":"(anonymous_2)","decl":{"start":{"line":21,"column":4},"end":{"line":21,"column":19}},"loc":{"start":{"line":21,"column":19},"end":{"line":32,"column":5}}},"2":{"name":"(anonymous_3)","decl":{"start":{"line":34,"column":4},"end":{"line":34,"column":10}},"loc":{"start":{"line":34,"column":10},"end":{"line":36,"column":5}}}},"branchMap":{},"s":{"0":1,"1":11,"2":11,"3":11,"4":11,"5":11,"6":22,"7":22,"8":22,"9":22,"10":22,"11":1},"f":{"0":11,"1":22,"2":22},"b":{}}
}
