TN:
SF:src/MVVM/index.ts
FN:12,(anonymous_1)
FN:29,(anonymous_2)
FN:30,(anonymous_3)
FN:34,(anonymous_4)
FN:37,(anonymous_5)
FN:44,(anonymous_6)
FN:45,(anonymous_7)
FN:49,(anonymous_8)
FNF:8
FNH:8
FNDA:6,(anonymous_1)
FNDA:6,(anonymous_2)
FNDA:12,(anonymous_3)
FNDA:2,(anonymous_4)
FNDA:47,(anonymous_5)
FNDA:6,(anonymous_6)
FNDA:4,(anonymous_7)
FNDA:4,(anonymous_8)
DA:2,1
DA:3,1
DA:5,1
DA:14,6
DA:16,6
DA:18,6
DA:20,6
DA:22,6
DA:24,6
DA:26,6
DA:30,6
DA:31,12
DA:35,2
DA:38,47
DA:45,6
DA:46,4
DA:47,4
DA:50,4
LF:18
LH:18
BRDA:18,0,0,5
BRDA:18,0,1,1
BRF:2
BRH:2
end_of_record
TN:
SF:src/MVVM/Parser/index.ts
FN:9,(anonymous_1)
FN:22,(anonymous_2)
FN:26,(anonymous_3)
FN:40,(anonymous_4)
FN:41,(anonymous_5)
FN:53,(anonymous_6)
FN:61,(anonymous_7)
FN:91,(anonymous_8)
FN:93,(anonymous_9)
FN:94,(anonymous_10)
FN:99,(anonymous_11)
FN:108,(anonymous_12)
FN:112,(anonymous_13)
FN:118,(anonymous_14)
FN:122,(anonymous_15)
FN:122,(anonymous_16)
FN:132,(anonymous_17)
FN:136,(anonymous_18)
FN:140,(anonymous_19)
FN:145,(anonymous_20)
FN:148,(anonymous_21)
FN:155,(anonymous_22)
FN:159,(anonymous_23)
FN:164,(anonymous_24)
FNF:24
FNH:24
FNDA:6,(anonymous_1)
FNDA:6,(anonymous_2)
FNDA:20,(anonymous_3)
FNDA:16,(anonymous_4)
FNDA:15,(anonymous_5)
FNDA:10,(anonymous_6)
FNDA:1,(anonymous_7)
FNDA:1,(anonymous_8)
FNDA:1,(anonymous_9)
FNDA:1,(anonymous_10)
FNDA:1,(anonymous_11)
FNDA:5,(anonymous_12)
FNDA:7,(anonymous_13)
FNDA:5,(anonymous_14)
FNDA:13,(anonymous_15)
FNDA:7,(anonymous_16)
FNDA:2,(anonymous_17)
FNDA:3,(anonymous_18)
FNDA:1,(anonymous_19)
FNDA:3,(anonymous_20)
FNDA:1,(anonymous_21)
FNDA:3,(anonymous_22)
FNDA:5,(anonymous_23)
FNDA:3,(anonymous_24)
DA:2,1
DA:4,1
DA:11,6
DA:13,6
DA:15,6
DA:17,6
DA:19,6
DA:23,6
DA:25,6
DA:26,6
DA:27,20
DA:28,7
DA:30,13
DA:31,3
DA:33,10
DA:37,6
DA:41,16
DA:42,15
DA:44,10
DA:45,10
DA:47,5
DA:48,5
DA:54,10
DA:55,10
DA:56,12
DA:57,12
DA:58,4
DA:60,4
DA:61,1
DA:62,1
DA:64,1
DA:66,4
DA:67,1
DA:69,4
DA:70,2
DA:73,12
DA:74,1
DA:75,1
DA:77,12
DA:78,1
DA:79,1
DA:81,12
DA:82,2
DA:84,2
DA:86,2
DA:88,2
DA:90,2
DA:91,1
DA:93,1
DA:94,1
DA:95,1
DA:99,1
DA:100,1
DA:105,10
DA:109,5
DA:110,5
DA:111,5
DA:112,5
DA:113,7
DA:119,5
DA:120,5
DA:121,5
DA:122,13
DA:123,7
DA:124,4
DA:126,3
DA:129,5
DA:133,2
DA:134,2
DA:135,2
DA:136,1
DA:138,3
DA:140,1
DA:142,1
DA:145,1
DA:146,3
DA:148,1
DA:149,1
DA:152,2
DA:156,3
DA:158,3
DA:159,2
DA:161,5
DA:164,1
DA:166,3
DA:169,3
LF:86
LH:86
BRDA:25,0,0,6
BRDA:27,1,0,7
BRDA:27,2,0,20
BRDA:27,2,1,7
BRDA:30,3,0,3
BRDA:42,4,0,10
BRDA:42,4,1,5
BRDA:57,5,0,4
BRDA:60,6,0,1
BRDA:66,7,0,1
BRDA:69,8,0,2
BRDA:73,9,0,1
BRDA:77,10,0,1
BRDA:81,11,0,2
BRDA:88,12,0,1
BRDA:88,12,1,1
BRDA:90,13,0,1
BRDA:90,13,1,1
BRDA:110,14,0,5
BRDA:123,15,0,4
BRDA:123,15,1,3
BRDA:123,16,0,7
BRDA:123,16,1,5
BRDA:135,17,0,1
BRDA:135,17,1,1
BRDA:158,18,0,2
BRDA:158,18,1,1
BRF:27
BRH:27
end_of_record
TN:
SF:src/MVVM/Publisher/index.ts
FN:7,(anonymous_1)
FN:12,(anonymous_2)
FN:13,(anonymous_3)
FN:21,(anonymous_4)
FN:26,(anonymous_5)
FN:30,(anonymous_6)
FNF:6
FNH:6
FNDA:6,(anonymous_1)
FNDA:9,(anonymous_2)
FNDA:17,(anonymous_3)
FNDA:17,(anonymous_4)
FNDA:96,(anonymous_5)
FNDA:10,(anonymous_6)
DA:2,1
DA:4,1
DA:8,6
DA:9,6
DA:13,9
DA:14,17
DA:15,17
DA:16,3
DA:22,17
DA:23,17
DA:27,96
DA:28,96
DA:31,10
DA:32,10
LF:14
LH:14
BRDA:15,0,0,3
BRDA:27,1,0,96
BRDA:27,1,1,21
BRF:3
BRH:3
end_of_record
TN:
SF:src/MVVM/Subscribe/index.ts
FN:7,(anonymous_0)
FN:11,(anonymous_1)
FN:15,(anonymous_2)
FN:16,(anonymous_3)
FNF:4
FNH:4
FNDA:17,(anonymous_0)
FNDA:21,(anonymous_1)
FNDA:10,(anonymous_2)
FNDA:11,(anonymous_3)
DA:3,1
DA:4,1
DA:8,17
DA:12,21
DA:16,10
DA:17,11
LF:6
LH:6
BRF:0
BRH:0
end_of_record
TN:
SF:src/MVVM/Subscriber/index.ts
FN:12,(anonymous_1)
FN:21,(anonymous_2)
FN:34,(anonymous_3)
FNF:3
FNH:3
FNDA:11,(anonymous_1)
FNDA:22,(anonymous_2)
FNDA:22,(anonymous_3)
DA:2,1
DA:6,1
DA:13,11
DA:14,11
DA:15,11
DA:16,11
DA:18,11
DA:22,22
DA:24,22
DA:30,22
DA:31,22
DA:35,22
LF:12
LH:12
BRF:0
BRH:0
end_of_record
